<?xml version="1.0" encoding="UTF-8"?>
<testsuite name="Academy Choucair" tests="1" skipped="0" failures="0" errors="0" timestamp="2021-04-29T20:02:11" hostname="Jeank65" time="56.933">
  <properties/>
  <testcase name="Search for a automation course" classname="Academy Choucair" time="56.933"/>
  <system-out><![CDATA[]]></system-out>
  <system-err><![CDATA[[Test worker] WARN net.thucydides.core.steps.BaseStepListener - stepStarted: net.thucydides.core.steps.ExecutedStepDescription@13aa60cb
[Test worker] WARN net.thucydides.core.steps.BaseStepListener - stepStarted: net.thucydides.core.steps.ExecutedStepDescription@65145e9a
[Test worker] WARN net.thucydides.core.steps.BaseStepListener - stepStarted: net.thucydides.core.steps.ExecutedStepDescription@2ec6a6af
abr. 29, 2021 3:02:13 P. M. org.openqa.selenium.remote.DesiredCapabilities chrome
INFORMACIÓN: Using `new ChromeOptions()` is preferred to `DesiredCapabilities.chrome()`
[Test worker] INFO net.serenitybdd.core.webdriver.driverproviders.ProvideNewDriver - Instantiating driver
[Test worker] INFO net.serenitybdd.core.webdriver.driverproviders.ProvideNewDriver - Driver capabilities: Capabilities {acceptInsecureCerts: false, browserName: chrome, chrome.switches: --start-maximized, goog:chromeOptions: {args: [--start-maximized], extensions: []}, loggingPrefs: org.openqa.selenium.logging..., platform: ANY, version: }
Starting ChromeDriver 90.0.4430.24 (4c6d850f087da467d926e8eddb76550aed655991-refs/branch-heads/4430@{#429}) on port 46622
Only local connections are allowed.
Please see https://chromedriver.chromium.org/security-considerations for suggestions on keeping ChromeDriver safe.
ChromeDriver was started successfully.
abr. 29, 2021 3:02:19 P. M. org.openqa.selenium.remote.ProtocolHandshake createSession
INFORMACIÓN: Detected dialect: W3C
[Test worker] WARN net.thucydides.core.steps.BaseStepListener - stepFinished: current outcome:Search for a automation course:Given then brandon wants to learn automation at the academy Choucair
| strUser | strPassword |
| 67608510 | Choucair2021* | [Brando open up [Brando opens the Choucair academy page]]
[Test worker] WARN net.thucydides.core.steps.BaseStepListener - stepFinished: current outcome:Search for a automation course:Given then brandon wants to learn automation at the academy Choucair
| strUser | strPassword |
| 67608510 | Choucair2021* | [Brando open up [Brando opens the Choucair academy page]]
[Test worker] WARN net.thucydides.core.steps.BaseStepListener - stepStarted: net.thucydides.core.steps.ExecutedStepDescription@36dcffba
[Test worker] WARN net.thucydides.core.steps.BaseStepListener - stepStarted: net.thucydides.core.steps.ExecutedStepDescription@54df955a
[Test worker] WARN net.thucydides.core.steps.BaseStepListener - stepFinished: current outcome:Search for a automation course:Given then brandon wants to learn automation at the academy Choucair
| strUser | strPassword |
| 67608510 | Choucair2021* | [Brando open up [Brando opens the Choucair academy page], Brando login [Brando clicks on button that shows us the form to login]]
[Test worker] WARN net.thucydides.core.steps.BaseStepListener - stepStarted: net.thucydides.core.steps.ExecutedStepDescription@48690925
[Test worker] WARN net.thucydides.core.steps.BaseStepListener - stepFinished: current outcome:Search for a automation course:Given then brandon wants to learn automation at the academy Choucair
| strUser | strPassword |
| 67608510 | Choucair2021* | [Brando open up [Brando opens the Choucair academy page], Brando login [Brando clicks on button that shows us the form to login, Brando enters '67608510' into where do we write the user]]
[Test worker] WARN net.thucydides.core.steps.BaseStepListener - stepStarted: net.thucydides.core.steps.ExecutedStepDescription@52ef5784
[Test worker] WARN net.thucydides.core.steps.BaseStepListener - stepFinished: current outcome:Search for a automation course:Given then brandon wants to learn automation at the academy Choucair
| strUser | strPassword |
| 67608510 | Choucair2021* | [Brando open up [Brando opens the Choucair academy page], Brando login [Brando clicks on button that shows us the form to login, Brando enters '67608510' into where do we write the user, Brando enters 'Choucair2021*' into whe do we write the password]]
[Test worker] WARN net.thucydides.core.steps.BaseStepListener - stepStarted: net.thucydides.core.steps.ExecutedStepDescription@1a11b70d
[Test worker] WARN net.thucydides.core.steps.BaseStepListener - stepFinished: current outcome:Search for a automation course:Given then brandon wants to learn automation at the academy Choucair
| strUser | strPassword |
| 67608510 | Choucair2021* | [Brando open up [Brando opens the Choucair academy page], Brando login [Brando clicks on button that shows us the form to login, Brando enters '67608510' into where do we write the user, Brando enters 'Choucair2021*' into whe do we write the password, Brando clicks on button to confirm login]]
[Test worker] WARN net.thucydides.core.steps.BaseStepListener - stepFinished: current outcome:Search for a automation course:Given then brandon wants to learn automation at the academy Choucair
| strUser | strPassword |
| 67608510 | Choucair2021* | [Brando open up [Brando opens the Choucair academy page], Brando login [Brando clicks on button that shows us the form to login, Brando enters '67608510' into where do we write the user, Brando enters 'Choucair2021*' into whe do we write the password, Brando clicks on button to confirm login]]
[Test worker] WARN net.thucydides.core.steps.BaseStepListener - stepFinished: current outcome:Search for a automation course:Given then brandon wants to learn automation at the academy Choucair
| strUser | strPassword |
| 67608510 | Choucair2021* | [Brando open up [Brando opens the Choucair academy page], Brando login [Brando clicks on button that shows us the form to login, Brando enters '67608510' into where do we write the user, Brando enters 'Choucair2021*' into whe do we write the password, Brando clicks on button to confirm login]]
[Test worker] WARN net.thucydides.core.steps.BaseStepListener - stepStarted: net.thucydides.core.steps.ExecutedStepDescription@4480c628
[Test worker] WARN net.thucydides.core.steps.BaseStepListener - stepStarted: net.thucydides.core.steps.ExecutedStepDescription@7d266cdb
[Test worker] WARN net.thucydides.core.steps.BaseStepListener - stepStarted: net.thucydides.core.steps.ExecutedStepDescription@44bf163d
[Test worker] WARN net.thucydides.core.steps.BaseStepListener - stepFinished: current outcome:Search for a automation course:Given then brandon wants to learn automation at the academy Choucair
| strUser | strPassword |
| 67608510 | Choucair2021* | [Brando open up [Brando opens the Choucair academy page], Brando login [Brando clicks on button that shows us the form to login, Brando enters '67608510' into where do we write the user, Brando enters 'Choucair2021*' into whe do we write the password, Brando clicks on button to confirm login]], When he search for the course on the choucair academy platform
| strCourse |
| Advanced Level Test Manager | [Brando search [Brando clicks on Selecciona cursos choucair]]
[Test worker] WARN net.thucydides.core.steps.BaseStepListener - stepStarted: net.thucydides.core.steps.ExecutedStepDescription@631113bb
[Test worker] WARN net.thucydides.core.steps.BaseStepListener - stepFinished: current outcome:Search for a automation course:Given then brandon wants to learn automation at the academy Choucair
| strUser | strPassword |
| 67608510 | Choucair2021* | [Brando open up [Brando opens the Choucair academy page], Brando login [Brando clicks on button that shows us the form to login, Brando enters '67608510' into where do we write the user, Brando enters 'Choucair2021*' into whe do we write the password, Brando clicks on button to confirm login]], When he search for the course on the choucair academy platform
| strCourse |
| Advanced Level Test Manager | [Brando search [Brando clicks on Selecciona cursos choucair, Brando enters 'Advanced Level Test Manager' into Buscar el curso]]
[Test worker] WARN net.thucydides.core.steps.BaseStepListener - stepStarted: net.thucydides.core.steps.ExecutedStepDescription@4a60ca6b
[Test worker] WARN net.thucydides.core.steps.BaseStepListener - stepFinished: current outcome:Search for a automation course:Given then brandon wants to learn automation at the academy Choucair
| strUser | strPassword |
| 67608510 | Choucair2021* | [Brando open up [Brando opens the Choucair academy page], Brando login [Brando clicks on button that shows us the form to login, Brando enters '67608510' into where do we write the user, Brando enters 'Choucair2021*' into whe do we write the password, Brando clicks on button to confirm login]], When he search for the course on the choucair academy platform
| strCourse |
| Advanced Level Test Manager | [Brando search [Brando clicks on Selecciona cursos choucair, Brando enters 'Advanced Level Test Manager' into Buscar el curso, Brando clicks on Da click para buscar el curso]]
[Test worker] WARN net.thucydides.core.steps.BaseStepListener - stepStarted: net.thucydides.core.steps.ExecutedStepDescription@18cf7bf3
[Test worker] WARN net.thucydides.core.steps.BaseStepListener - stepFinished: current outcome:Search for a automation course:Given then brandon wants to learn automation at the academy Choucair
| strUser | strPassword |
| 67608510 | Choucair2021* | [Brando open up [Brando opens the Choucair academy page], Brando login [Brando clicks on button that shows us the form to login, Brando enters '67608510' into where do we write the user, Brando enters 'Choucair2021*' into whe do we write the password, Brando clicks on button to confirm login]], When he search for the course on the choucair academy platform
| strCourse |
| Advanced Level Test Manager | [Brando search [Brando clicks on Selecciona cursos choucair, Brando enters 'Advanced Level Test Manager' into Buscar el curso, Brando clicks on Da click para buscar el curso, Brando clicks on Dar click para buscar el curso]]
[Test worker] WARN net.thucydides.core.steps.BaseStepListener - stepFinished: current outcome:Search for a automation course:Given then brandon wants to learn automation at the academy Choucair
| strUser | strPassword |
| 67608510 | Choucair2021* | [Brando open up [Brando opens the Choucair academy page], Brando login [Brando clicks on button that shows us the form to login, Brando enters '67608510' into where do we write the user, Brando enters 'Choucair2021*' into whe do we write the password, Brando clicks on button to confirm login]], When he search for the course on the choucair academy platform
| strCourse |
| Advanced Level Test Manager | [Brando search [Brando clicks on Selecciona cursos choucair, Brando enters 'Advanced Level Test Manager' into Buscar el curso, Brando clicks on Da click para buscar el curso, Brando clicks on Dar click para buscar el curso]]
[Test worker] WARN net.thucydides.core.steps.BaseStepListener - stepFinished: current outcome:Search for a automation course:Given then brandon wants to learn automation at the academy Choucair
| strUser | strPassword |
| 67608510 | Choucair2021* | [Brando open up [Brando opens the Choucair academy page], Brando login [Brando clicks on button that shows us the form to login, Brando enters '67608510' into where do we write the user, Brando enters 'Choucair2021*' into whe do we write the password, Brando clicks on button to confirm login]], When he search for the course on the choucair academy platform
| strCourse |
| Advanced Level Test Manager | [Brando search [Brando clicks on Selecciona cursos choucair, Brando enters 'Advanced Level Test Manager' into Buscar el curso, Brando clicks on Da click para buscar el curso, Brando clicks on Dar click para buscar el curso]]
[Test worker] WARN net.thucydides.core.steps.BaseStepListener - stepStarted: net.thucydides.core.steps.ExecutedStepDescription@6ffe7200
[Test worker] WARN net.thucydides.core.steps.BaseStepListener - stepStarted: net.thucydides.core.steps.ExecutedStepDescription@32a5bc2
[Test worker] WARN net.thucydides.core.steps.BaseStepListener - stepFinished: current outcome:Search for a automation course:Given then brandon wants to learn automation at the academy Choucair
| strUser | strPassword |
| 67608510 | Choucair2021* | [Brando open up [Brando opens the Choucair academy page], Brando login [Brando clicks on button that shows us the form to login, Brando enters '67608510' into where do we write the user, Brando enters 'Choucair2021*' into whe do we write the password, Brando clicks on button to confirm login]], When he search for the course on the choucair academy platform
| strCourse |
| Advanced Level Test Manager | [Brando search [Brando clicks on Selecciona cursos choucair, Brando enters 'Advanced Level Test Manager' into Buscar el curso, Brando clicks on Da click para buscar el curso, Brando clicks on Dar click para buscar el curso]], Then he find the course called
| strCourse |
| Advanced Level Test Manager | [Then answer]
[Test worker] WARN net.thucydides.core.steps.BaseStepListener - stepFinished: current outcome:Search for a automation course:Given then brandon wants to learn automation at the academy Choucair
| strUser | strPassword |
| 67608510 | Choucair2021* | [Brando open up [Brando opens the Choucair academy page], Brando login [Brando clicks on button that shows us the form to login, Brando enters '67608510' into where do we write the user, Brando enters 'Choucair2021*' into whe do we write the password, Brando clicks on button to confirm login]], When he search for the course on the choucair academy platform
| strCourse |
| Advanced Level Test Manager | [Brando search [Brando clicks on Selecciona cursos choucair, Brando enters 'Advanced Level Test Manager' into Buscar el curso, Brando clicks on Da click para buscar el curso, Brando clicks on Dar click para buscar el curso]], Then he find the course called
| strCourse |
| Advanced Level Test Manager | [Then answer]
[Test worker] WARN net.thucydides.core.steps.BaseStepListener - testFinished: Search for a automation course:Given then brandon wants to learn automation at the academy Choucair
| strUser | strPassword |
| 67608510 | Choucair2021* | [Brando open up [Brando opens the Choucair academy page], Brando login [Brando clicks on button that shows us the form to login, Brando enters '67608510' into where do we write the user, Brando enters 'Choucair2021*' into whe do we write the password, Brando clicks on button to confirm login]], When he search for the course on the choucair academy platform
| strCourse |
| Advanced Level Test Manager | [Brando search [Brando clicks on Selecciona cursos choucair, Brando enters 'Advanced Level Test Manager' into Buscar el curso, Brando clicks on Da click para buscar el curso, Brando clicks on Dar click para buscar el curso]], Then he find the course called
| strCourse |
| Advanced Level Test Manager | [Then answer]
[Test worker] WARN net.thucydides.core.steps.BaseStepListener - TestOutcomes: [Search for a automation course:Given then brandon wants to learn automation at the academy Choucair
| strUser | strPassword |
| 67608510 | Choucair2021* | [Brando open up [Brando opens the Choucair academy page], Brando login [Brando clicks on button that shows us the form to login, Brando enters '67608510' into where do we write the user, Brando enters 'Choucair2021*' into whe do we write the password, Brando clicks on button to confirm login]], When he search for the course on the choucair academy platform
| strCourse |
| Advanced Level Test Manager | [Brando search [Brando clicks on Selecciona cursos choucair, Brando enters 'Advanced Level Test Manager' into Buscar el curso, Brando clicks on Da click para buscar el curso, Brando clicks on Dar click para buscar el curso]], Then he find the course called
| strCourse |
| Advanced Level Test Manager | [Then answer]]
[Test worker] WARN net.thucydides.core.steps.BaseStepListener - Final testOutcomes: [Search for a automation course:Given then brandon wants to learn automation at the academy Choucair
| strUser | strPassword |
| 67608510 | Choucair2021* | [Brando open up [Brando opens the Choucair academy page], Brando login [Brando clicks on button that shows us the form to login, Brando enters '67608510' into where do we write the user, Brando enters 'Choucair2021*' into whe do we write the password, Brando clicks on button to confirm login]], When he search for the course on the choucair academy platform
| strCourse |
| Advanced Level Test Manager | [Brando search [Brando clicks on Selecciona cursos choucair, Brando enters 'Advanced Level Test Manager' into Buscar el curso, Brando clicks on Da click para buscar el curso, Brando clicks on Dar click para buscar el curso]], Then he find the course called
| strCourse |
| Advanced Level Test Manager | [Then answer]]
[Test worker] INFO net.thucydides.core.steps.ConsoleLoggingListener - 
        __    _____ _____ ____ _____   ____   _    ____  ____  _____ ____  
  _     \ \  |_   _| ____/ ___|_   _| |  _ \ / \  / ___|/ ___|| ____|  _ \ 
 (_)_____| |   | | |  _| \___ \ | |   | |_) / _ \ \___ \\___ \|  _| | | | |
  _|_____| |   | | | |___ ___) || |   |  __/ ___ \ ___) |___) | |___| |_| |
 (_)     | |   |_| |_____|____/ |_|   |_| /_/   \_\____/|____/|_____|____/ 
        /_/                                                                

TEST PASSED: Search for a automation course
----------------------------------------------------------------------------
]]></system-err>
</testsuite>
